<?xml version="1.0" encoding="UTF-8"?>
<!-- Generated by org.testng.reporters.JUnitXMLReporter -->
<testsuite ignored="0" hostname="Abhi" failures="2" tests="4" name="Test" time="63.556" errors="0" timestamp="2023-02-14T23:36:03 IST">
  <testcase classname="Tests.LoginPageTest" name="verifyInvalidCredentials" time="1.956">
    <failure type="java.lang.AssertionError" message="Error Msg for Blank Username/Password..... expected [Required] but found [Required123]">
      <![CDATA[java.lang.AssertionError: Error Msg for Blank Username/Password..... expected [Required] but found [Required123]
at Tests.LoginPageTest.verifyInvalidCredentials(LoginPageTest.java:43)
at java.base/java.util.ArrayList.forEach(ArrayList.java:1511)
... Removed 32 stack frames]]>
    </failure>
  </testcase> <!-- verifyInvalidCredentials -->
  <testcase classname="Tests.LoginPageTest" name="verifyInvalidCredentials" time="1.752">
    <failure type="java.lang.AssertionError" message="Error Msg for Blank Username/Password..... expected [Required] but found [Required123]">
      <![CDATA[java.lang.AssertionError: Error Msg for Blank Username/Password..... expected [Required] but found [Required123]
at Tests.LoginPageTest.verifyInvalidCredentials(LoginPageTest.java:43)
at java.base/java.util.ArrayList.forEach(ArrayList.java:1511)
... Removed 32 stack frames]]>
    </failure>
  </testcase> <!-- verifyInvalidCredentials -->
  <testcase classname="Tests.LoginPageTest" name="verifyInvalidCredentials" time="3.599"/>
  <testcase classname="Tests.LoginPageTest" name="verifyLogin" time="3.211"/>
</testsuite> <!-- Test -->
